<?xml version="1.0" encoding="UTF-8"?>
<!-- Generated by org.testng.reporters.JUnitReportReporter -->
<testsuite hostname="SANEET-PC" failures="0" tests="1" name="com.shoppersStack.testScripts.add_adress" time="46.670" errors="0" timestamp="2024-05-26T10:12:01 IST" skipped="0">
  <testcase classname="com.shoppersStack.testScripts.add_adress" name="addAddress" time="46.670"/>
</testsuite> <!-- com.shoppersStack.testScripts.add_adress -->
