<?xml version="1.0" encoding="UTF-8"?>
<!-- Generated by org.testng.reporters.JUnitReportReporter -->
<testsuite hostname="SANEET-PC" failures="0" tests="1" name="com.shoppersStack.testScripts.delete_address" time="22.737" errors="0" timestamp="2024-05-26T10:12:54 IST" skipped="0">
  <testcase classname="com.shoppersStack.testScripts.delete_address" name="delAddress" time="22.737"/>
</testsuite> <!-- com.shoppersStack.testScripts.delete_address -->
