<?xml version="1.0" encoding="UTF-8"?>
<!-- Generated by org.testng.reporters.JUnitReportReporter -->
<testsuite hostname="SANEET-PC" failures="0" tests="1" name="com.shoppersStack.testScripts.delete_address_Test" time="37.131" errors="0" timestamp="2024-05-27T20:59:43 IST" skipped="0">
  <testcase classname="com.shoppersStack.testScripts.delete_address_Test" name="delAddress" time="37.131"/>
</testsuite> <!-- com.shoppersStack.testScripts.delete_address_Test -->
